TN:
SF:hooks\useAuth.ts
FN:7,(anonymous_13)
FN:12,(anonymous_14)
FN:16,(anonymous_15)
FN:35,(anonymous_16)
FN:35,(anonymous_17)
FN:50,(anonymous_19)
FN:50,(anonymous_20)
FN:60,(anonymous_22)
FNF:8
FNH:0
FNDA:0,(anonymous_13)
FNDA:0,(anonymous_14)
FNDA:0,(anonymous_15)
FNDA:0,(anonymous_16)
FNDA:0,(anonymous_17)
FNDA:0,(anonymous_19)
FNDA:0,(anonymous_20)
FNDA:0,(anonymous_22)
DA:2,1
DA:3,1
DA:4,1
DA:7,1
DA:8,0
DA:9,0
DA:10,0
DA:12,0
DA:13,0
DA:16,0
DA:17,0
DA:18,0
DA:21,0
DA:23,0
DA:24,0
DA:25,0
DA:29,0
DA:31,0
DA:35,0
DA:37,0
DA:38,0
DA:39,0
DA:40,0
DA:41,0
DA:43,0
DA:45,0
DA:46,0
DA:50,0
DA:52,0
DA:53,0
DA:55,0
DA:56,0
DA:60,0
DA:61,0
DA:62,0
DA:63,0
DA:64,0
DA:67,0
LF:38
LH:4
BRDA:21,0,0,0
BRDA:21,0,1,0
BRDA:24,1,0,0
BRDA:24,1,1,0
BRDA:38,2,0,0
BRDA:38,2,1,0
BRDA:38,3,0,0
BRDA:38,3,1,0
BRDA:38,3,2,0
BRF:9
BRH:0
end_of_record
TN:
SF:hooks\useSubscriptions.ts
FN:6,(anonymous_14)
FN:11,(anonymous_15)
FN:17,(anonymous_16)
FN:31,(anonymous_19)
FN:31,(anonymous_20)
FN:34,(anonymous_22)
FN:43,(anonymous_23)
FN:43,(anonymous_24)
FN:46,(anonymous_26)
FN:46,(anonymous_27)
FNF:10
FNH:10
FNDA:12,(anonymous_14)
FNDA:6,(anonymous_15)
FNDA:12,(anonymous_16)
FNDA:2,(anonymous_19)
FNDA:2,(anonymous_20)
FNDA:2,(anonymous_22)
FNDA:2,(anonymous_23)
FNDA:2,(anonymous_24)
FNDA:1,(anonymous_26)
FNDA:2,(anonymous_27)
DA:2,1
DA:3,1
DA:6,1
DA:7,12
DA:8,10
DA:9,10
DA:11,10
DA:12,6
DA:13,6
DA:17,16
DA:19,6
DA:20,6
DA:21,6
DA:22,5
DA:24,1
DA:25,1
DA:27,6
DA:31,10
DA:33,2
DA:34,2
DA:35,1
DA:37,1
DA:38,1
DA:39,1
DA:43,10
DA:45,4
DA:46,2
DA:48,1
DA:49,1
DA:50,1
DA:54,10
LF:31
LH:31
BRDA:12,0,0,6
BRDA:12,0,1,0
BRF:2
BRH:1
end_of_record
TN:
SF:services\api.ts
FN:4,(anonymous_15)
FN:8,ApiClient
FN:14,(anonymous_17)
FN:26,(anonymous_18)
FN:39,(anonymous_19)
FN:67,(anonymous_22)
FN:74,(anonymous_25)
FN:82,(anonymous_28)
FN:90,(anonymous_31)
FNF:9
FNH:9
FNDA:1,(anonymous_15)
FNDA:10,ApiClient
FNDA:2,(anonymous_17)
FNDA:9,(anonymous_18)
FNDA:7,(anonymous_19)
FNDA:1,(anonymous_22)
FNDA:1,(anonymous_25)
FNDA:1,(anonymous_28)
FNDA:1,(anonymous_31)
DA:2,1
DA:4,1
DA:8,11
DA:9,10
DA:10,10
DA:14,1
DA:15,2
DA:16,2
DA:17,2
DA:18,1
DA:20,1
DA:26,1
DA:27,9
DA:31,9
DA:32,4
DA:35,9
DA:39,1
DA:41,10
DA:43,7
DA:44,7
DA:52,7
DA:54,7
DA:55,2
DA:57,1
DA:58,1
DA:60,1
DA:63,5
DA:67,1
DA:68,1
DA:74,1
DA:75,1
DA:82,1
DA:83,1
DA:90,1
DA:91,1
DA:95,1
DA:98,1
LF:37
LH:37
BRDA:8,0,0,1
BRDA:8,0,1,9
BRDA:10,1,0,10
BRDA:10,1,1,0
BRDA:16,2,0,2
BRDA:16,2,1,0
BRDA:17,3,0,1
BRDA:17,3,1,1
BRDA:31,4,0,4
BRDA:31,4,1,5
BRDA:41,5,0,3
BRDA:41,5,1,4
BRDA:54,6,0,2
BRDA:54,6,1,5
BRDA:55,7,0,1
BRDA:55,7,1,1
BRF:16
BRH:14
end_of_record
TN:
SF:services\auth.ts
FN:5,(anonymous_13)
FN:7,(anonymous_15)
FN:21,(anonymous_18)
FN:31,(anonymous_21)
FN:36,(anonymous_22)
FNF:5
FNH:5
FNDA:10,(anonymous_13)
FNDA:3,(anonymous_15)
FNDA:2,(anonymous_18)
FNDA:1,(anonymous_21)
FNDA:2,(anonymous_22)
DA:2,1
DA:5,1
DA:7,1
DA:9,3
DA:10,2
DA:11,1
DA:13,2
DA:15,1
DA:16,1
DA:21,1
DA:23,2
DA:25,1
DA:26,1
DA:31,1
DA:32,1
DA:36,1
DA:38,2
DA:40,1
DA:43,1
LF:19
LH:19
BRDA:10,0,0,1
BRDA:10,0,1,1
BRDA:10,1,0,2
BRDA:10,1,1,1
BRDA:23,2,0,2
BRDA:38,3,0,2
BRDA:38,3,1,2
BRF:7
BRH:7
end_of_record
TN:
SF:services\subscriptions.ts
FN:5,(anonymous_13)
FN:7,(anonymous_15)
FN:17,(anonymous_18)
FN:27,(anonymous_21)
FNF:4
FNH:4
FNDA:8,(anonymous_13)
FNDA:2,(anonymous_15)
FNDA:2,(anonymous_18)
FNDA:2,(anonymous_21)
DA:2,1
DA:5,1
DA:7,1
DA:9,2
DA:11,1
DA:12,1
DA:17,1
DA:19,2
DA:21,1
DA:22,1
DA:27,1
DA:29,4
DA:31,1
DA:32,1
DA:35,1
DA:38,1
LF:16
LH:16
BRDA:9,0,0,2
BRDA:19,1,0,2
BRF:2
BRH:2
end_of_record
